<!DOCTYPE html PUBLIC "-//W3C//DTD XHTML 1.0 Transitional//EN" "http://www.w3.org/TR/xhtml1/DTD/xhtml1-transitional.dtd">
<!-- Generated by Apache Maven Doxia Site Renderer 1.4 at 2015-09-11 -->
<html xmlns="http://www.w3.org/1999/xhtml" xml:lang="en" lang="en">
  <head>
    <meta http-equiv="Content-Type" content="text/html; charset=UTF-8" />
    <title>Title_Validation_E2E - Surefire Report</title>
    <style type="text/css" media="all">
      @import url("./css/maven-base.css");
      @import url("./css/maven-theme.css");
      @import url("./css/site.css");
    </style>
    <link rel="stylesheet" href="./css/print.css" type="text/css" media="print" />
    <meta name="Date-Revision-yyyymmdd" content="20150911" />
    <meta http-equiv="Content-Language" content="en" />
        
        </head>
  <body class="composite">
    <div id="banner">
                    <div id="bannerLeft">
                Title_Validation_E2E
                </div>
                    <div class="clear">
        <hr/>
      </div>
    </div>
    <div id="breadcrumbs">
            
                    
                <div class="xleft">
        <span id="publishDate">Last Published: 2015-09-11</span>
                  &nbsp;| <span id="projectVersion">Version: 1.1</span>
                      </div>
            <div class="xright">                    <a href="./" title="Title_Validation_E2E">Title_Validation_E2E</a>
              
                    
      </div>
      <div class="clear">
        <hr/>
      </div>
    </div>
    <div id="leftColumn">
      <div id="navcolumn">
             
                    
                                          <h5>Project Documentation</h5>
                  <ul>
                                                                                                                                                                                <li class="collapsed">
                          <a href="project-info.html" title="Project Information">Project Information</a>
                  </li>
                                                                              <li class="expanded">
                          <a href="project-reports.html" title="Project Reports">Project Reports</a>
                    <ul>
                      <li class="none">
            <strong>Surefire Report</strong>
          </li>
              </ul>
        </li>
          </ul>
                             <a href="http://maven.apache.org/" title="Built by Maven" class="poweredBy">
        <img class="poweredBy" alt="Built by Maven" src="./images/logos/maven-feather.png" />
      </a>
                   
                    
            </div>
    </div>
    <div id="bodyColumn">
      <div id="contentBox">
        <script type="text/javascript">
//<![CDATA[
function toggleDisplay(elementId) {
 var elm = document.getElementById(elementId + 'error');
 if (elm && typeof elm.style != "undefined") {
 if (elm.style.display == "none") {
 elm.style.display = "";
 document.getElementById(elementId + 'off').style.display = "none";
 document.getElementById(elementId + 'on').style.display = "inline";
 } else if (elm.style.display == "") { elm.style.display = "none";
 document.getElementById(elementId + 'off').style.display = "inline";
 document.getElementById(elementId + 'on').style.display = "none";
 } 
 } 
 }
//]]>
</script>
<div class="section">
<h2>Surefire Report<a name="Surefire_Report"></a></h2></div>
<div class="section">
<h2>Summary<a name="Summary"></a></h2><a name="Summary"></a>
<p>[<a href="#Summary">Summary</a>] [<a href="#Package_List">Package List</a>] [<a href="#Test_Cases">Test Cases</a>]</p><br />
<table border="1" class="bodyTable">
<tr class="a">
<th>Tests</th>
<th>Errors </th>
<th>Failures</th>
<th>Skipped</th>
<th>Success Rate</th>
<th>Time</th></tr>
<tr class="b">
<td>25</td>
<td>0</td>
<td>7</td>
<td>0</td>
<td>72%</td>
<td>0.016</td></tr></table><br />
<p>Note: failures are anticipated and checked for with assertions while errors are unanticipated.</p><br /></div>
<div class="section">
<h2>Package List<a name="Package_List"></a></h2><a name="Package_List"></a>
<p>[<a href="#Summary">Summary</a>] [<a href="#Package_List">Package List</a>] [<a href="#Test_Cases">Test Cases</a>]</p><br />
<table border="1" class="bodyTable">
<tr class="a">
<th>Package</th>
<th>Tests</th>
<th>Errors </th>
<th>Failures</th>
<th>Skipped</th>
<th>Success Rate</th>
<th>Time</th></tr>
<tr class="b">
<td><a href="#core">core</a></td>
<td>25</td>
<td>0</td>
<td>7</td>
<td>0</td>
<td>72%</td>
<td>0.016</td></tr></table><br />
<p>Note: package statistics are not computed recursively, they only sum up all of its testsuites numbers.</p>
<div class="section">
<h3>core<a name="core"></a></h3><a name="core"></a>
<table border="1" class="bodyTable">
<tr class="a">
<th></th>
<th>Class</th>
<th>Tests</th>
<th>Errors </th>
<th>Failures</th>
<th>Skipped</th>
<th>Success Rate</th>
<th>Time</th></tr>
<tr class="b">
<td><a href="#coreSeleniumTest"><img src="images/icon_warning_sml.gif" alt="" /></a></td>
<td><a href="#coreSeleniumTest">SeleniumTest</a></td>
<td>25</td>
<td>0</td>
<td>7</td>
<td>0</td>
<td>72%</td>
<td>0.016</td></tr></table></div><br /></div>
<div class="section">
<h2>Test Cases<a name="Test_Cases"></a></h2><a name="Test_Cases"></a>
<p>[<a href="#Summary">Summary</a>] [<a href="#Package_List">Package List</a>] [<a href="#Test_Cases">Test Cases</a>]</p>
<div class="section">
<h3>SeleniumTest<a name="SeleniumTest"></a></h3><a name="coreSeleniumTest"></a>
<table border="1" class="bodyTable">
<tr class="a">
<td><img src="images/icon_success_sml.gif" alt="" /></td>
<td>test_Title_Validation[Iteration # 0 : exp: learn2test.net; act: learn2test.net]</td>
<td>0.004</td></tr>
<tr class="b">
<td><img src="images/icon_success_sml.gif" alt="" /></td>
<td>test_Title_Validation[Iteration # 1 : exp: www.alegro.com; act: www.alegro.com]</td>
<td>0</td></tr>
<tr class="a">
<td><img src="images/icon_success_sml.gif" alt="" /></td>
<td>test_Title_Validation[Iteration # 2 : exp: www.alegro.net; act: www.alegro.net]</td>
<td>0.001</td></tr>
<tr class="b">
<td><img src="images/icon_success_sml.gif" alt="" /></td>
<td>test_Title_Validation[Iteration # 3 : exp: Google Books; act: Google Books]</td>
<td>0</td></tr>
<tr class="a">
<td><img src="images/icon_success_sml.gif" alt="" /></td>
<td>test_Title_Validation[Iteration # 4 : exp: The Books; act: The Books]</td>
<td>0</td></tr>
<tr class="b">
<td><img src="images/icon_success_sml.gif" alt="" /></td>
<td>test_Title_Validation[Iteration # 5 : exp: Google; act: Google]</td>
<td>0</td></tr>
<tr class="a">
<td><img src="images/icon_success_sml.gif" alt="" /></td>
<td>test_Title_Validation[Iteration # 6 : exp: Canon Global; act: Canon Global]</td>
<td>0</td></tr>
<tr class="b">
<td><a href="#core.SeleniumTest.test_Title_ValidationIteration__7_:_exp:_Music_for_everyone_-_Spotify__act:_Music_for_everyone_-_Spotify"><img src="images/icon_error_sml.gif" alt="" /></a></td>
<td><a href="#core.SeleniumTest.test_Title_ValidationIteration__7_:_exp:_Music_for_everyone_-_Spotify__act:_Music_for_everyone_-_Spotify">test_Title_Validation[Iteration # 7 : exp: Music for everyone - Spotify ; act: Music for everyone - Spotify]</a>
<div class="detailToggle" style="display:inline"><a href="javascript:toggleDisplay(&apos;core.SeleniumTest.test_Title_ValidationIteration__7_:_exp:_Music_for_everyone_-_Spotify__act:_Music_for_everyone_-_Spotify&apos;);"><span style="display:inline;" id="core.SeleniumTest.test_Title_ValidationIteration__7_:_exp:_Music_for_everyone_-_Spotify__act:_Music_for_everyone_-_Spotifyoff"> + </span><span style="display:none;" id="core.SeleniumTest.test_Title_ValidationIteration__7_:_exp:_Music_for_everyone_-_Spotify__act:_Music_for_everyone_-_Spotifyon"> - </span>[ Detail ]</a></div></td>
<td>0.005</td></tr>
<tr class="a">
<td></td>
<td>  FAILED expected:&lt;...r everyone - Spotify[ ]&gt; but was:&lt;...r everyone - Spotify[]&gt;</td>
<td></td></tr>
<tr class="b">
<td></td>
<td>
<div id="core.SeleniumTest.test_Title_ValidationIteration__7_:_exp:_Music_for_everyone_-_Spotify__act:_Music_for_everyone_-_Spotifyerror" style="display:none;">
<div>
<pre>org.junit.ComparisonFailure:   FAILED expected:&lt;...r everyone - Spotify[ ]&gt; but was:&lt;...r everyone - Spotify[]&gt;at org.junit.Assert.assertEquals(Assert.java:115)at core.SeleniumTest.test_Title_Validation(SeleniumTest.java:44)at sun.reflect.NativeMethodAccessorImpl.invoke0(Native Method)at sun.reflect.NativeMethodAccessorImpl.invoke(NativeMethodAccessorImpl.java:57)at sun.reflect.DelegatingMethodAccessorImpl.invoke(DelegatingMethodAccessorImpl.java:43)at java.lang.reflect.Method.invoke(Method.java:606)at org.junit.runners.model.FrameworkMethod$1.runReflectiveCall(FrameworkMethod.java:50)at org.junit.internal.runners.model.ReflectiveCallable.run(ReflectiveCallable.java:12)at org.junit.runners.model.FrameworkMethod.invokeExplosively(FrameworkMethod.java:47)at org.junit.internal.runners.statements.InvokeMethod.evaluate(InvokeMethod.java:17)at org.junit.runners.ParentRunner.runLeaf(ParentRunner.java:325)at org.junit.runners.BlockJUnit4ClassRunner.runChild(BlockJUnit4ClassRunner.java:78)at org.junit.runners.BlockJUnit4ClassRunner.runChild(BlockJUnit4ClassRunner.java:57)at org.junit.runners.ParentRunner$3.run(ParentRunner.java:290)at org.junit.runners.ParentRunner$1.schedule(ParentRunner.java:71)at org.junit.runners.ParentRunner.runChildren(ParentRunner.java:288)at org.junit.runners.ParentRunner.access$000(ParentRunner.java:58)at org.junit.runners.ParentRunner$2.evaluate(ParentRunner.java:268)at org.junit.runners.ParentRunner.run(ParentRunner.java:363)at org.junit.runners.Suite.runChild(Suite.java:128)at org.junit.runners.Suite.runChild(Suite.java:27)at org.junit.runners.ParentRunner$3.run(ParentRunner.java:290)at org.junit.runners.ParentRunner$1.schedule(ParentRunner.java:71)at org.junit.runners.ParentRunner.runChildren(ParentRunner.java:288)at org.junit.runners.ParentRunner.access$000(ParentRunner.java:58)at org.junit.runners.ParentRunner$2.evaluate(ParentRunner.java:268)at org.junit.internal.runners.statements.RunBefores.evaluate(RunBefores.java:26)at org.junit.runners.ParentRunner.run(ParentRunner.java:363)at org.apache.maven.surefire.junit4.JUnit4Provider.execute(JUnit4Provider.java:252)at org.apache.maven.surefire.junit4.JUnit4Provider.executeTestSet(JUnit4Provider.java:141)at org.apache.maven.surefire.junit4.JUnit4Provider.invoke(JUnit4Provider.java:112)at sun.reflect.NativeMethodAccessorImpl.invoke0(Native Method)at sun.reflect.NativeMethodAccessorImpl.invoke(NativeMethodAccessorImpl.java:57)at sun.reflect.DelegatingMethodAccessorImpl.invoke(DelegatingMethodAccessorImpl.java:43)at java.lang.reflect.Method.invoke(Method.java:606)at org.apache.maven.surefire.util.ReflectionUtils.invokeMethodWithArray(ReflectionUtils.java:189)at org.apache.maven.surefire.booter.ProviderFactory$ProviderProxy.invoke(ProviderFactory.java:165)at org.apache.maven.surefire.booter.ProviderFactory.invokeProvider(ProviderFactory.java:85)at org.apache.maven.surefire.booter.ForkedBooter.runSuitesInProcess(ForkedBooter.java:115)at org.apache.maven.surefire.booter.ForkedBooter.main(ForkedBooter.java:75)</pre></div></div></td>
<td></td></tr>
<tr class="a">
<td><img src="images/icon_success_sml.gif" alt="" /></td>
<td>test_Title_Validation[Iteration # 8 : exp: YouTube; act: YouTube]</td>
<td>0</td></tr>
<tr class="b">
<td><img src="images/icon_success_sml.gif" alt="" /></td>
<td>test_Title_Validation[Iteration # 9 : exp: Android; act: Android]</td>
<td>0</td></tr>
<tr class="a">
<td><a href="#core.SeleniumTest.test_Title_ValidationIteration__10_:_exp:_Mars_Eclipse__act:_Mars_Eclipse"><img src="images/icon_error_sml.gif" alt="" /></a></td>
<td><a href="#core.SeleniumTest.test_Title_ValidationIteration__10_:_exp:_Mars_Eclipse__act:_Mars_Eclipse">test_Title_Validation[Iteration # 10 : exp: Mars Eclipse ; act: Mars Eclipse]</a>
<div class="detailToggle" style="display:inline"><a href="javascript:toggleDisplay(&apos;core.SeleniumTest.test_Title_ValidationIteration__10_:_exp:_Mars_Eclipse__act:_Mars_Eclipse&apos;);"><span style="display:inline;" id="core.SeleniumTest.test_Title_ValidationIteration__10_:_exp:_Mars_Eclipse__act:_Mars_Eclipseoff"> + </span><span style="display:none;" id="core.SeleniumTest.test_Title_ValidationIteration__10_:_exp:_Mars_Eclipse__act:_Mars_Eclipseon"> - </span>[ Detail ]</a></div></td>
<td>0</td></tr>
<tr class="b">
<td></td>
<td>  FAILED expected:&lt;Mars Eclipse[ ]&gt; but was:&lt;Mars Eclipse[]&gt;</td>
<td></td></tr>
<tr class="a">
<td></td>
<td>
<div id="core.SeleniumTest.test_Title_ValidationIteration__10_:_exp:_Mars_Eclipse__act:_Mars_Eclipseerror" style="display:none;">
<div>
<pre>org.junit.ComparisonFailure:   FAILED expected:&lt;Mars Eclipse[ ]&gt; but was:&lt;Mars Eclipse[]&gt;at org.junit.Assert.assertEquals(Assert.java:115)at core.SeleniumTest.test_Title_Validation(SeleniumTest.java:44)at sun.reflect.NativeMethodAccessorImpl.invoke0(Native Method)at sun.reflect.NativeMethodAccessorImpl.invoke(NativeMethodAccessorImpl.java:57)at sun.reflect.DelegatingMethodAccessorImpl.invoke(DelegatingMethodAccessorImpl.java:43)at java.lang.reflect.Method.invoke(Method.java:606)at org.junit.runners.model.FrameworkMethod$1.runReflectiveCall(FrameworkMethod.java:50)at org.junit.internal.runners.model.ReflectiveCallable.run(ReflectiveCallable.java:12)at org.junit.runners.model.FrameworkMethod.invokeExplosively(FrameworkMethod.java:47)at org.junit.internal.runners.statements.InvokeMethod.evaluate(InvokeMethod.java:17)at org.junit.runners.ParentRunner.runLeaf(ParentRunner.java:325)at org.junit.runners.BlockJUnit4ClassRunner.runChild(BlockJUnit4ClassRunner.java:78)at org.junit.runners.BlockJUnit4ClassRunner.runChild(BlockJUnit4ClassRunner.java:57)at org.junit.runners.ParentRunner$3.run(ParentRunner.java:290)at org.junit.runners.ParentRunner$1.schedule(ParentRunner.java:71)at org.junit.runners.ParentRunner.runChildren(ParentRunner.java:288)at org.junit.runners.ParentRunner.access$000(ParentRunner.java:58)at org.junit.runners.ParentRunner$2.evaluate(ParentRunner.java:268)at org.junit.runners.ParentRunner.run(ParentRunner.java:363)at org.junit.runners.Suite.runChild(Suite.java:128)at org.junit.runners.Suite.runChild(Suite.java:27)at org.junit.runners.ParentRunner$3.run(ParentRunner.java:290)at org.junit.runners.ParentRunner$1.schedule(ParentRunner.java:71)at org.junit.runners.ParentRunner.runChildren(ParentRunner.java:288)at org.junit.runners.ParentRunner.access$000(ParentRunner.java:58)at org.junit.runners.ParentRunner$2.evaluate(ParentRunner.java:268)at org.junit.internal.runners.statements.RunBefores.evaluate(RunBefores.java:26)at org.junit.runners.ParentRunner.run(ParentRunner.java:363)at org.apache.maven.surefire.junit4.JUnit4Provider.execute(JUnit4Provider.java:252)at org.apache.maven.surefire.junit4.JUnit4Provider.executeTestSet(JUnit4Provider.java:141)at org.apache.maven.surefire.junit4.JUnit4Provider.invoke(JUnit4Provider.java:112)at sun.reflect.NativeMethodAccessorImpl.invoke0(Native Method)at sun.reflect.NativeMethodAccessorImpl.invoke(NativeMethodAccessorImpl.java:57)at sun.reflect.DelegatingMethodAccessorImpl.invoke(DelegatingMethodAccessorImpl.java:43)at java.lang.reflect.Method.invoke(Method.java:606)at org.apache.maven.surefire.util.ReflectionUtils.invokeMethodWithArray(ReflectionUtils.java:189)at org.apache.maven.surefire.booter.ProviderFactory$ProviderProxy.invoke(ProviderFactory.java:165)at org.apache.maven.surefire.booter.ProviderFactory.invokeProvider(ProviderFactory.java:85)at org.apache.maven.surefire.booter.ForkedBooter.runSuitesInProcess(ForkedBooter.java:115)at org.apache.maven.surefire.booter.ForkedBooter.main(ForkedBooter.java:75)</pre></div></div></td>
<td></td></tr>
<tr class="b">
<td><img src="images/icon_success_sml.gif" alt="" /></td>
<td>test_Title_Validation[Iteration # 11 : exp: Dropbox; act: Dropbox]</td>
<td>0</td></tr>
<tr class="a">
<td><img src="images/icon_success_sml.gif" alt="" /></td>
<td>test_Title_Validation[Iteration # 12 : exp: Apple; act: Apple]</td>
<td>0</td></tr>
<tr class="b">
<td><a href="#core.SeleniumTest.test_Title_ValidationIteration__13_:_exp:_College_Music_Society_act:_Home"><img src="images/icon_error_sml.gif" alt="" /></a></td>
<td><a href="#core.SeleniumTest.test_Title_ValidationIteration__13_:_exp:_College_Music_Society_act:_Home">test_Title_Validation[Iteration # 13 : exp: College Music Society; act: Home]</a>
<div class="detailToggle" style="display:inline"><a href="javascript:toggleDisplay(&apos;core.SeleniumTest.test_Title_ValidationIteration__13_:_exp:_College_Music_Society_act:_Home&apos;);"><span style="display:inline;" id="core.SeleniumTest.test_Title_ValidationIteration__13_:_exp:_College_Music_Society_act:_Homeoff"> + </span><span style="display:none;" id="core.SeleniumTest.test_Title_ValidationIteration__13_:_exp:_College_Music_Society_act:_Homeon"> - </span>[ Detail ]</a></div></td>
<td>0.001</td></tr>
<tr class="a">
<td></td>
<td>  FAILED expected:&lt;[College Music Society]&gt; but was:&lt;[Home]&gt;</td>
<td></td></tr>
<tr class="b">
<td></td>
<td>
<div id="core.SeleniumTest.test_Title_ValidationIteration__13_:_exp:_College_Music_Society_act:_Homeerror" style="display:none;">
<div>
<pre>org.junit.ComparisonFailure:   FAILED expected:&lt;[College Music Society]&gt; but was:&lt;[Home]&gt;at org.junit.Assert.assertEquals(Assert.java:115)at core.SeleniumTest.test_Title_Validation(SeleniumTest.java:44)at sun.reflect.NativeMethodAccessorImpl.invoke0(Native Method)at sun.reflect.NativeMethodAccessorImpl.invoke(NativeMethodAccessorImpl.java:57)at sun.reflect.DelegatingMethodAccessorImpl.invoke(DelegatingMethodAccessorImpl.java:43)at java.lang.reflect.Method.invoke(Method.java:606)at org.junit.runners.model.FrameworkMethod$1.runReflectiveCall(FrameworkMethod.java:50)at org.junit.internal.runners.model.ReflectiveCallable.run(ReflectiveCallable.java:12)at org.junit.runners.model.FrameworkMethod.invokeExplosively(FrameworkMethod.java:47)at org.junit.internal.runners.statements.InvokeMethod.evaluate(InvokeMethod.java:17)at org.junit.runners.ParentRunner.runLeaf(ParentRunner.java:325)at org.junit.runners.BlockJUnit4ClassRunner.runChild(BlockJUnit4ClassRunner.java:78)at org.junit.runners.BlockJUnit4ClassRunner.runChild(BlockJUnit4ClassRunner.java:57)at org.junit.runners.ParentRunner$3.run(ParentRunner.java:290)at org.junit.runners.ParentRunner$1.schedule(ParentRunner.java:71)at org.junit.runners.ParentRunner.runChildren(ParentRunner.java:288)at org.junit.runners.ParentRunner.access$000(ParentRunner.java:58)at org.junit.runners.ParentRunner$2.evaluate(ParentRunner.java:268)at org.junit.runners.ParentRunner.run(ParentRunner.java:363)at org.junit.runners.Suite.runChild(Suite.java:128)at org.junit.runners.Suite.runChild(Suite.java:27)at org.junit.runners.ParentRunner$3.run(ParentRunner.java:290)at org.junit.runners.ParentRunner$1.schedule(ParentRunner.java:71)at org.junit.runners.ParentRunner.runChildren(ParentRunner.java:288)at org.junit.runners.ParentRunner.access$000(ParentRunner.java:58)at org.junit.runners.ParentRunner$2.evaluate(ParentRunner.java:268)at org.junit.internal.runners.statements.RunBefores.evaluate(RunBefores.java:26)at org.junit.runners.ParentRunner.run(ParentRunner.java:363)at org.apache.maven.surefire.junit4.JUnit4Provider.execute(JUnit4Provider.java:252)at org.apache.maven.surefire.junit4.JUnit4Provider.executeTestSet(JUnit4Provider.java:141)at org.apache.maven.surefire.junit4.JUnit4Provider.invoke(JUnit4Provider.java:112)at sun.reflect.NativeMethodAccessorImpl.invoke0(Native Method)at sun.reflect.NativeMethodAccessorImpl.invoke(NativeMethodAccessorImpl.java:57)at sun.reflect.DelegatingMethodAccessorImpl.invoke(DelegatingMethodAccessorImpl.java:43)at java.lang.reflect.Method.invoke(Method.java:606)at org.apache.maven.surefire.util.ReflectionUtils.invokeMethodWithArray(ReflectionUtils.java:189)at org.apache.maven.surefire.booter.ProviderFactory$ProviderProxy.invoke(ProviderFactory.java:165)at org.apache.maven.surefire.booter.ProviderFactory.invokeProvider(ProviderFactory.java:85)at org.apache.maven.surefire.booter.ForkedBooter.runSuitesInProcess(ForkedBooter.java:115)at org.apache.maven.surefire.booter.ForkedBooter.main(ForkedBooter.java:75)</pre></div></div></td>
<td></td></tr>
<tr class="a">
<td><img src="images/icon_success_sml.gif" alt="" /></td>
<td>test_Title_Validation[Iteration # 14 : exp: Google News; act: Google News]</td>
<td>0</td></tr>
<tr class="b">
<td><img src="images/icon_success_sml.gif" alt="" /></td>
<td>test_Title_Validation[Iteration # 15 : exp: Home - BBC News; act: Home - BBC News]</td>
<td>0</td></tr>
<tr class="a">
<td><a href="#core.SeleniumTest.test_Title_ValidationIteration__16_:_exp:_Viva.ua_act:___._C______Viva.ua"><img src="images/icon_error_sml.gif" alt="" /></a></td>
<td><a href="#core.SeleniumTest.test_Title_ValidationIteration__16_:_exp:_Viva.ua_act:___._C______Viva.ua">test_Title_Validation[Iteration # 16 : exp: Viva.ua; act: &#x41d;&#x43e;&#x432;&#x43e;&#x441;&#x442;&#x438; &#x448;&#x43e;&#x443; &#x431;&#x438;&#x437;&#x43d;&#x435;&#x441;&#x430;. C&#x432;&#x435;&#x436;&#x438;&#x435; &#x43d;&#x43e;&#x432;&#x43e;&#x441;&#x442;&#x438; &#x448;&#x43e;&#x443; &#x431;&#x438;&#x437;&#x43d;&#x435;&#x441;&#x430; &#x441;&#x435;&#x433;&#x43e;&#x434;&#x43d;&#x44f; &#x43d;&#x430; Viva.ua]</a>
<div class="detailToggle" style="display:inline"><a href="javascript:toggleDisplay(&apos;core.SeleniumTest.test_Title_ValidationIteration__16_:_exp:_Viva.ua_act:___._C______Viva.ua&apos;);"><span style="display:inline;" id="core.SeleniumTest.test_Title_ValidationIteration__16_:_exp:_Viva.ua_act:___._C______Viva.uaoff"> + </span><span style="display:none;" id="core.SeleniumTest.test_Title_ValidationIteration__16_:_exp:_Viva.ua_act:___._C______Viva.uaon"> - </span>[ Detail ]</a></div></td>
<td>0.001</td></tr>
<tr class="b">
<td></td>
<td>  FAILED expected:&lt;[]Viva.ua&gt; but was:&lt;[&#x41d;&#x43e;&#x432;&#x43e;&#x441;&#x442;&#x438; &#x448;&#x43e;&#x443; &#x431;&#x438;&#x437;&#x43d;&#x435;&#x441;&#x430;. C&#x432;&#x435;&#x436;&#x438;&#x435; &#x43d;&#x43e;&#x432;&#x43e;&#x441;&#x442;&#x438; &#x448;&#x43e;&#x443; &#x431;&#x438;&#x437;&#x43d;&#x435;&#x441;&#x430; &#x441;&#x435;&#x433;&#x43e;&#x434;&#x43d;&#x44f; &#x43d;&#x430; ]Viva.ua&gt;</td>
<td></td></tr>
<tr class="a">
<td></td>
<td>
<div id="core.SeleniumTest.test_Title_ValidationIteration__16_:_exp:_Viva.ua_act:___._C______Viva.uaerror" style="display:none;">
<div>
<pre>org.junit.ComparisonFailure:   FAILED expected:&lt;[]Viva.ua&gt; but was:&lt;[&#x41d;&#x43e;&#x432;&#x43e;&#x441;&#x442;&#x438; &#x448;&#x43e;&#x443; &#x431;&#x438;&#x437;&#x43d;&#x435;&#x441;&#x430;. C&#x432;&#x435;&#x436;&#x438;&#x435; &#x43d;&#x43e;&#x432;&#x43e;&#x441;&#x442;&#x438; &#x448;&#x43e;&#x443; &#x431;&#x438;&#x437;&#x43d;&#x435;&#x441;&#x430; &#x441;&#x435;&#x433;&#x43e;&#x434;&#x43d;&#x44f; &#x43d;&#x430; ]Viva.ua&gt;at org.junit.Assert.assertEquals(Assert.java:115)at core.SeleniumTest.test_Title_Validation(SeleniumTest.java:44)at sun.reflect.GeneratedMethodAccessor2.invoke(Unknown Source)at sun.reflect.DelegatingMethodAccessorImpl.invoke(DelegatingMethodAccessorImpl.java:43)at java.lang.reflect.Method.invoke(Method.java:606)at org.junit.runners.model.FrameworkMethod$1.runReflectiveCall(FrameworkMethod.java:50)at org.junit.internal.runners.model.ReflectiveCallable.run(ReflectiveCallable.java:12)at org.junit.runners.model.FrameworkMethod.invokeExplosively(FrameworkMethod.java:47)at org.junit.internal.runners.statements.InvokeMethod.evaluate(InvokeMethod.java:17)at org.junit.runners.ParentRunner.runLeaf(ParentRunner.java:325)at org.junit.runners.BlockJUnit4ClassRunner.runChild(BlockJUnit4ClassRunner.java:78)at org.junit.runners.BlockJUnit4ClassRunner.runChild(BlockJUnit4ClassRunner.java:57)at org.junit.runners.ParentRunner$3.run(ParentRunner.java:290)at org.junit.runners.ParentRunner$1.schedule(ParentRunner.java:71)at org.junit.runners.ParentRunner.runChildren(ParentRunner.java:288)at org.junit.runners.ParentRunner.access$000(ParentRunner.java:58)at org.junit.runners.ParentRunner$2.evaluate(ParentRunner.java:268)at org.junit.runners.ParentRunner.run(ParentRunner.java:363)at org.junit.runners.Suite.runChild(Suite.java:128)at org.junit.runners.Suite.runChild(Suite.java:27)at org.junit.runners.ParentRunner$3.run(ParentRunner.java:290)at org.junit.runners.ParentRunner$1.schedule(ParentRunner.java:71)at org.junit.runners.ParentRunner.runChildren(ParentRunner.java:288)at org.junit.runners.ParentRunner.access$000(ParentRunner.java:58)at org.junit.runners.ParentRunner$2.evaluate(ParentRunner.java:268)at org.junit.internal.runners.statements.RunBefores.evaluate(RunBefores.java:26)at org.junit.runners.ParentRunner.run(ParentRunner.java:363)at org.apache.maven.surefire.junit4.JUnit4Provider.execute(JUnit4Provider.java:252)at org.apache.maven.surefire.junit4.JUnit4Provider.executeTestSet(JUnit4Provider.java:141)at org.apache.maven.surefire.junit4.JUnit4Provider.invoke(JUnit4Provider.java:112)at sun.reflect.NativeMethodAccessorImpl.invoke0(Native Method)at sun.reflect.NativeMethodAccessorImpl.invoke(NativeMethodAccessorImpl.java:57)at sun.reflect.DelegatingMethodAccessorImpl.invoke(DelegatingMethodAccessorImpl.java:43)at java.lang.reflect.Method.invoke(Method.java:606)at org.apache.maven.surefire.util.ReflectionUtils.invokeMethodWithArray(ReflectionUtils.java:189)at org.apache.maven.surefire.booter.ProviderFactory$ProviderProxy.invoke(ProviderFactory.java:165)at org.apache.maven.surefire.booter.ProviderFactory.invokeProvider(ProviderFactory.java:85)at org.apache.maven.surefire.booter.ForkedBooter.runSuitesInProcess(ForkedBooter.java:115)at org.apache.maven.surefire.booter.ForkedBooter.main(ForkedBooter.java:75)</pre></div></div></td>
<td></td></tr>
<tr class="b">
<td><img src="images/icon_success_sml.gif" alt="" /></td>
<td>test_Title_Validation[Iteration # 17 : exp: Department of Energy; act: Department of Energy]</td>
<td>0</td></tr>
<tr class="a">
<td><img src="images/icon_success_sml.gif" alt="" /></td>
<td>test_Title_Validation[Iteration # 18 : exp: Energy Quest Room; act: Energy Quest Room]</td>
<td>0</td></tr>
<tr class="b">
<td><a href="#core.SeleniumTest.test_Title_ValidationIteration__19_:_exp:_Rai_Uno_-_Rai.it_act:_Rai1_-_Home_Page"><img src="images/icon_error_sml.gif" alt="" /></a></td>
<td><a href="#core.SeleniumTest.test_Title_ValidationIteration__19_:_exp:_Rai_Uno_-_Rai.it_act:_Rai1_-_Home_Page">test_Title_Validation[Iteration # 19 : exp: Rai Uno - Rai.it; act: Rai1 - Home Page]</a>
<div class="detailToggle" style="display:inline"><a href="javascript:toggleDisplay(&apos;core.SeleniumTest.test_Title_ValidationIteration__19_:_exp:_Rai_Uno_-_Rai.it_act:_Rai1_-_Home_Page&apos;);"><span style="display:inline;" id="core.SeleniumTest.test_Title_ValidationIteration__19_:_exp:_Rai_Uno_-_Rai.it_act:_Rai1_-_Home_Pageoff"> + </span><span style="display:none;" id="core.SeleniumTest.test_Title_ValidationIteration__19_:_exp:_Rai_Uno_-_Rai.it_act:_Rai1_-_Home_Pageon"> - </span>[ Detail ]</a></div></td>
<td>0.001</td></tr>
<tr class="a">
<td></td>
<td>  FAILED expected:&lt;Rai[ Uno - Rai.it]&gt; but was:&lt;Rai[1 - Home Page]&gt;</td>
<td></td></tr>
<tr class="b">
<td></td>
<td>
<div id="core.SeleniumTest.test_Title_ValidationIteration__19_:_exp:_Rai_Uno_-_Rai.it_act:_Rai1_-_Home_Pageerror" style="display:none;">
<div>
<pre>org.junit.ComparisonFailure:   FAILED expected:&lt;Rai[ Uno - Rai.it]&gt; but was:&lt;Rai[1 - Home Page]&gt;at org.junit.Assert.assertEquals(Assert.java:115)at core.SeleniumTest.test_Title_Validation(SeleniumTest.java:44)at sun.reflect.GeneratedMethodAccessor2.invoke(Unknown Source)at sun.reflect.DelegatingMethodAccessorImpl.invoke(DelegatingMethodAccessorImpl.java:43)at java.lang.reflect.Method.invoke(Method.java:606)at org.junit.runners.model.FrameworkMethod$1.runReflectiveCall(FrameworkMethod.java:50)at org.junit.internal.runners.model.ReflectiveCallable.run(ReflectiveCallable.java:12)at org.junit.runners.model.FrameworkMethod.invokeExplosively(FrameworkMethod.java:47)at org.junit.internal.runners.statements.InvokeMethod.evaluate(InvokeMethod.java:17)at org.junit.runners.ParentRunner.runLeaf(ParentRunner.java:325)at org.junit.runners.BlockJUnit4ClassRunner.runChild(BlockJUnit4ClassRunner.java:78)at org.junit.runners.BlockJUnit4ClassRunner.runChild(BlockJUnit4ClassRunner.java:57)at org.junit.runners.ParentRunner$3.run(ParentRunner.java:290)at org.junit.runners.ParentRunner$1.schedule(ParentRunner.java:71)at org.junit.runners.ParentRunner.runChildren(ParentRunner.java:288)at org.junit.runners.ParentRunner.access$000(ParentRunner.java:58)at org.junit.runners.ParentRunner$2.evaluate(ParentRunner.java:268)at org.junit.runners.ParentRunner.run(ParentRunner.java:363)at org.junit.runners.Suite.runChild(Suite.java:128)at org.junit.runners.Suite.runChild(Suite.java:27)at org.junit.runners.ParentRunner$3.run(ParentRunner.java:290)at org.junit.runners.ParentRunner$1.schedule(ParentRunner.java:71)at org.junit.runners.ParentRunner.runChildren(ParentRunner.java:288)at org.junit.runners.ParentRunner.access$000(ParentRunner.java:58)at org.junit.runners.ParentRunner$2.evaluate(ParentRunner.java:268)at org.junit.internal.runners.statements.RunBefores.evaluate(RunBefores.java:26)at org.junit.runners.ParentRunner.run(ParentRunner.java:363)at org.apache.maven.surefire.junit4.JUnit4Provider.execute(JUnit4Provider.java:252)at org.apache.maven.surefire.junit4.JUnit4Provider.executeTestSet(JUnit4Provider.java:141)at org.apache.maven.surefire.junit4.JUnit4Provider.invoke(JUnit4Provider.java:112)at sun.reflect.NativeMethodAccessorImpl.invoke0(Native Method)at sun.reflect.NativeMethodAccessorImpl.invoke(NativeMethodAccessorImpl.java:57)at sun.reflect.DelegatingMethodAccessorImpl.invoke(DelegatingMethodAccessorImpl.java:43)at java.lang.reflect.Method.invoke(Method.java:606)at org.apache.maven.surefire.util.ReflectionUtils.invokeMethodWithArray(ReflectionUtils.java:189)at org.apache.maven.surefire.booter.ProviderFactory$ProviderProxy.invoke(ProviderFactory.java:165)at org.apache.maven.surefire.booter.ProviderFactory.invokeProvider(ProviderFactory.java:85)at org.apache.maven.surefire.booter.ForkedBooter.runSuitesInProcess(ForkedBooter.java:115)at org.apache.maven.surefire.booter.ForkedBooter.main(ForkedBooter.java:75)</pre></div></div></td>
<td></td></tr>
<tr class="a">
<td><img src="images/icon_success_sml.gif" alt="" /></td>
<td>test_Title_Validation[Iteration # 20 : exp: Foreign Cinema; act: Foreign Cinema]</td>
<td>0.001</td></tr>
<tr class="b">
<td><a href="#core.SeleniumTest.test_Title_ValidationIteration__21_:_exp:_HTC_United_State_act:_HTC_United_States"><img src="images/icon_error_sml.gif" alt="" /></a></td>
<td><a href="#core.SeleniumTest.test_Title_ValidationIteration__21_:_exp:_HTC_United_State_act:_HTC_United_States">test_Title_Validation[Iteration # 21 : exp: HTC United State; act: HTC United States]</a>
<div class="detailToggle" style="display:inline"><a href="javascript:toggleDisplay(&apos;core.SeleniumTest.test_Title_ValidationIteration__21_:_exp:_HTC_United_State_act:_HTC_United_States&apos;);"><span style="display:inline;" id="core.SeleniumTest.test_Title_ValidationIteration__21_:_exp:_HTC_United_State_act:_HTC_United_Statesoff"> + </span><span style="display:none;" id="core.SeleniumTest.test_Title_ValidationIteration__21_:_exp:_HTC_United_State_act:_HTC_United_Stateson"> - </span>[ Detail ]</a></div></td>
<td>0.001</td></tr>
<tr class="a">
<td></td>
<td>  FAILED expected:&lt;HTC United State[]&gt; but was:&lt;HTC United State[s]&gt;</td>
<td></td></tr>
<tr class="b">
<td></td>
<td>
<div id="core.SeleniumTest.test_Title_ValidationIteration__21_:_exp:_HTC_United_State_act:_HTC_United_Stateserror" style="display:none;">
<div>
<pre>org.junit.ComparisonFailure:   FAILED expected:&lt;HTC United State[]&gt; but was:&lt;HTC United State[s]&gt;at org.junit.Assert.assertEquals(Assert.java:115)at core.SeleniumTest.test_Title_Validation(SeleniumTest.java:44)at sun.reflect.GeneratedMethodAccessor2.invoke(Unknown Source)at sun.reflect.DelegatingMethodAccessorImpl.invoke(DelegatingMethodAccessorImpl.java:43)at java.lang.reflect.Method.invoke(Method.java:606)at org.junit.runners.model.FrameworkMethod$1.runReflectiveCall(FrameworkMethod.java:50)at org.junit.internal.runners.model.ReflectiveCallable.run(ReflectiveCallable.java:12)at org.junit.runners.model.FrameworkMethod.invokeExplosively(FrameworkMethod.java:47)at org.junit.internal.runners.statements.InvokeMethod.evaluate(InvokeMethod.java:17)at org.junit.runners.ParentRunner.runLeaf(ParentRunner.java:325)at org.junit.runners.BlockJUnit4ClassRunner.runChild(BlockJUnit4ClassRunner.java:78)at org.junit.runners.BlockJUnit4ClassRunner.runChild(BlockJUnit4ClassRunner.java:57)at org.junit.runners.ParentRunner$3.run(ParentRunner.java:290)at org.junit.runners.ParentRunner$1.schedule(ParentRunner.java:71)at org.junit.runners.ParentRunner.runChildren(ParentRunner.java:288)at org.junit.runners.ParentRunner.access$000(ParentRunner.java:58)at org.junit.runners.ParentRunner$2.evaluate(ParentRunner.java:268)at org.junit.runners.ParentRunner.run(ParentRunner.java:363)at org.junit.runners.Suite.runChild(Suite.java:128)at org.junit.runners.Suite.runChild(Suite.java:27)at org.junit.runners.ParentRunner$3.run(ParentRunner.java:290)at org.junit.runners.ParentRunner$1.schedule(ParentRunner.java:71)at org.junit.runners.ParentRunner.runChildren(ParentRunner.java:288)at org.junit.runners.ParentRunner.access$000(ParentRunner.java:58)at org.junit.runners.ParentRunner$2.evaluate(ParentRunner.java:268)at org.junit.internal.runners.statements.RunBefores.evaluate(RunBefores.java:26)at org.junit.runners.ParentRunner.run(ParentRunner.java:363)at org.apache.maven.surefire.junit4.JUnit4Provider.execute(JUnit4Provider.java:252)at org.apache.maven.surefire.junit4.JUnit4Provider.executeTestSet(JUnit4Provider.java:141)at org.apache.maven.surefire.junit4.JUnit4Provider.invoke(JUnit4Provider.java:112)at sun.reflect.NativeMethodAccessorImpl.invoke0(Native Method)at sun.reflect.NativeMethodAccessorImpl.invoke(NativeMethodAccessorImpl.java:57)at sun.reflect.DelegatingMethodAccessorImpl.invoke(DelegatingMethodAccessorImpl.java:43)at java.lang.reflect.Method.invoke(Method.java:606)at org.apache.maven.surefire.util.ReflectionUtils.invokeMethodWithArray(ReflectionUtils.java:189)at org.apache.maven.surefire.booter.ProviderFactory$ProviderProxy.invoke(ProviderFactory.java:165)at org.apache.maven.surefire.booter.ProviderFactory.invokeProvider(ProviderFactory.java:85)at org.apache.maven.surefire.booter.ForkedBooter.runSuitesInProcess(ForkedBooter.java:115)at org.apache.maven.surefire.booter.ForkedBooter.main(ForkedBooter.java:75)</pre></div></div></td>
<td></td></tr>
<tr class="a">
<td><img src="images/icon_success_sml.gif" alt="" /></td>
<td>test_Title_Validation[Iteration # 22 : exp: Acer Group; act: Acer Group]</td>
<td>0</td></tr>
<tr class="b">
<td><img src="images/icon_success_sml.gif" alt="" /></td>
<td>test_Title_Validation[Iteration # 23 : exp: ASUS USA; act: ASUS USA]</td>
<td>0</td></tr>
<tr class="a">
<td><a href="#core.SeleniumTest.test_Title_ValidationIteration__24_:_exp:_IBM_-_United_State_act:_IBM_-_United_States"><img src="images/icon_error_sml.gif" alt="" /></a></td>
<td><a href="#core.SeleniumTest.test_Title_ValidationIteration__24_:_exp:_IBM_-_United_State_act:_IBM_-_United_States">test_Title_Validation[Iteration # 24 : exp: IBM - United State; act: IBM - United States]</a>
<div class="detailToggle" style="display:inline"><a href="javascript:toggleDisplay(&apos;core.SeleniumTest.test_Title_ValidationIteration__24_:_exp:_IBM_-_United_State_act:_IBM_-_United_States&apos;);"><span style="display:inline;" id="core.SeleniumTest.test_Title_ValidationIteration__24_:_exp:_IBM_-_United_State_act:_IBM_-_United_Statesoff"> + </span><span style="display:none;" id="core.SeleniumTest.test_Title_ValidationIteration__24_:_exp:_IBM_-_United_State_act:_IBM_-_United_Stateson"> - </span>[ Detail ]</a></div></td>
<td>0.001</td></tr>
<tr class="b">
<td></td>
<td>  FAILED expected:&lt;IBM - United State[]&gt; but was:&lt;IBM - United State[s]&gt;</td>
<td></td></tr>
<tr class="a">
<td></td>
<td>
<div id="core.SeleniumTest.test_Title_ValidationIteration__24_:_exp:_IBM_-_United_State_act:_IBM_-_United_Stateserror" style="display:none;">
<div>
<pre>org.junit.ComparisonFailure:   FAILED expected:&lt;IBM - United State[]&gt; but was:&lt;IBM - United State[s]&gt;at org.junit.Assert.assertEquals(Assert.java:115)at core.SeleniumTest.test_Title_Validation(SeleniumTest.java:44)at sun.reflect.GeneratedMethodAccessor2.invoke(Unknown Source)at sun.reflect.DelegatingMethodAccessorImpl.invoke(DelegatingMethodAccessorImpl.java:43)at java.lang.reflect.Method.invoke(Method.java:606)at org.junit.runners.model.FrameworkMethod$1.runReflectiveCall(FrameworkMethod.java:50)at org.junit.internal.runners.model.ReflectiveCallable.run(ReflectiveCallable.java:12)at org.junit.runners.model.FrameworkMethod.invokeExplosively(FrameworkMethod.java:47)at org.junit.internal.runners.statements.InvokeMethod.evaluate(InvokeMethod.java:17)at org.junit.runners.ParentRunner.runLeaf(ParentRunner.java:325)at org.junit.runners.BlockJUnit4ClassRunner.runChild(BlockJUnit4ClassRunner.java:78)at org.junit.runners.BlockJUnit4ClassRunner.runChild(BlockJUnit4ClassRunner.java:57)at org.junit.runners.ParentRunner$3.run(ParentRunner.java:290)at org.junit.runners.ParentRunner$1.schedule(ParentRunner.java:71)at org.junit.runners.ParentRunner.runChildren(ParentRunner.java:288)at org.junit.runners.ParentRunner.access$000(ParentRunner.java:58)at org.junit.runners.ParentRunner$2.evaluate(ParentRunner.java:268)at org.junit.runners.ParentRunner.run(ParentRunner.java:363)at org.junit.runners.Suite.runChild(Suite.java:128)at org.junit.runners.Suite.runChild(Suite.java:27)at org.junit.runners.ParentRunner$3.run(ParentRunner.java:290)at org.junit.runners.ParentRunner$1.schedule(ParentRunner.java:71)at org.junit.runners.ParentRunner.runChildren(ParentRunner.java:288)at org.junit.runners.ParentRunner.access$000(ParentRunner.java:58)at org.junit.runners.ParentRunner$2.evaluate(ParentRunner.java:268)at org.junit.internal.runners.statements.RunBefores.evaluate(RunBefores.java:26)at org.junit.runners.ParentRunner.run(ParentRunner.java:363)at org.apache.maven.surefire.junit4.JUnit4Provider.execute(JUnit4Provider.java:252)at org.apache.maven.surefire.junit4.JUnit4Provider.executeTestSet(JUnit4Provider.java:141)at org.apache.maven.surefire.junit4.JUnit4Provider.invoke(JUnit4Provider.java:112)at sun.reflect.NativeMethodAccessorImpl.invoke0(Native Method)at sun.reflect.NativeMethodAccessorImpl.invoke(NativeMethodAccessorImpl.java:57)at sun.reflect.DelegatingMethodAccessorImpl.invoke(DelegatingMethodAccessorImpl.java:43)at java.lang.reflect.Method.invoke(Method.java:606)at org.apache.maven.surefire.util.ReflectionUtils.invokeMethodWithArray(ReflectionUtils.java:189)at org.apache.maven.surefire.booter.ProviderFactory$ProviderProxy.invoke(ProviderFactory.java:165)at org.apache.maven.surefire.booter.ProviderFactory.invokeProvider(ProviderFactory.java:85)at org.apache.maven.surefire.booter.ForkedBooter.runSuitesInProcess(ForkedBooter.java:115)at org.apache.maven.surefire.booter.ForkedBooter.main(ForkedBooter.java:75)</pre></div></div></td>
<td></td></tr></table></div><br /></div>
<div class="section">
<h2>Failure Details<a name="Failure_Details"></a></h2><a name="Failure_Details"></a>
<p>[<a href="#Summary">Summary</a>] [<a href="#Package_List">Package List</a>] [<a href="#Test_Cases">Test Cases</a>]</p><br />
<table border="1" class="bodyTable">
<tr class="a">
<td><img src="images/icon_error_sml.gif" alt="" /></td>
<td><a name="core.SeleniumTest.test_Title_ValidationIteration__7_:_exp:_Music_for_everyone_-_Spotify__act:_Music_for_everyone_-_Spotify"></a>test_Title_Validation[Iteration # 7 : exp: Music for everyone - Spotify ; act: Music for everyone - Spotify]</td></tr>
<tr class="b">
<td></td>
<td>org.junit.ComparisonFailure:   FAILED expected:&lt;...r everyone - Spotify[ ]&gt; but was:&lt;...r everyone - Spotify[]&gt;</td></tr>                                                                                                                                                                
<tr class="a">
<td></td>
<td>
<div id="test_Title_Validation[Iteration # 7 : exp: Music for everyone - Spotify ; act: Music for everyone - Spotify]error">core.SeleniumTest:</div></td></tr>
<tr class="b">
<td><img src="images/icon_error_sml.gif" alt="" /></td>
<td><a name="core.SeleniumTest.test_Title_ValidationIteration__10_:_exp:_Mars_Eclipse__act:_Mars_Eclipse"></a>test_Title_Validation[Iteration # 10 : exp: Mars Eclipse ; act: Mars Eclipse]</td></tr>
<tr class="a">
<td></td>
<td>org.junit.ComparisonFailure:   FAILED expected:&lt;Mars Eclipse[ ]&gt; but was:&lt;Mars Eclipse[]&gt;</td></tr>                                                                                                                                                                
<tr class="b">
<td></td>
<td>
<div id="test_Title_Validation[Iteration # 10 : exp: Mars Eclipse ; act: Mars Eclipse]error">core.SeleniumTest:</div></td></tr>
<tr class="a">
<td><img src="images/icon_error_sml.gif" alt="" /></td>
<td><a name="core.SeleniumTest.test_Title_ValidationIteration__13_:_exp:_College_Music_Society_act:_Home"></a>test_Title_Validation[Iteration # 13 : exp: College Music Society; act: Home]</td></tr>
<tr class="b">
<td></td>
<td>org.junit.ComparisonFailure:   FAILED expected:&lt;[College Music Society]&gt; but was:&lt;[Home]&gt;</td></tr>                                                                                                                                                                
<tr class="a">
<td></td>
<td>
<div id="test_Title_Validation[Iteration # 13 : exp: College Music Society; act: Home]error">core.SeleniumTest:</div></td></tr>
<tr class="b">
<td><img src="images/icon_error_sml.gif" alt="" /></td>
<td><a name="core.SeleniumTest.test_Title_ValidationIteration__16_:_exp:_Viva.ua_act:___._C______Viva.ua"></a>test_Title_Validation[Iteration # 16 : exp: Viva.ua; act: &#x41d;&#x43e;&#x432;&#x43e;&#x441;&#x442;&#x438; &#x448;&#x43e;&#x443; &#x431;&#x438;&#x437;&#x43d;&#x435;&#x441;&#x430;. C&#x432;&#x435;&#x436;&#x438;&#x435; &#x43d;&#x43e;&#x432;&#x43e;&#x441;&#x442;&#x438; &#x448;&#x43e;&#x443; &#x431;&#x438;&#x437;&#x43d;&#x435;&#x441;&#x430; &#x441;&#x435;&#x433;&#x43e;&#x434;&#x43d;&#x44f; &#x43d;&#x430; Viva.ua]</td></tr>
<tr class="a">
<td></td>
<td>org.junit.ComparisonFailure:   FAILED expected:&lt;[]Viva.ua&gt; but was:&lt;[&#x41d;&#x43e;&#x432;&#x43e;&#x441;&#x442;&#x438; &#x448;&#x43e;&#x443; &#x431;&#x438;&#x437;&#x43d;&#x435;&#x441;&#x430;. C&#x432;&#x435;&#x436;&#x438;&#x435; &#x43d;&#x43e;&#x432;&#x43e;&#x441;&#x442;&#x438; &#x448;&#x43e;&#x443; &#x431;&#x438;&#x437;&#x43d;&#x435;&#x441;&#x430; &#x441;&#x435;&#x433;&#x43e;&#x434;&#x43d;&#x44f; &#x43d;&#x430; ]Viva.ua&gt;</td></tr>                                                                                                                                                            
<tr class="b">
<td></td>
<td>
<div id="test_Title_Validation[Iteration # 16 : exp: Viva.ua; act: &#x41d;&#x43e;&#x432;&#x43e;&#x441;&#x442;&#x438; &#x448;&#x43e;&#x443; &#x431;&#x438;&#x437;&#x43d;&#x435;&#x441;&#x430;. C&#x432;&#x435;&#x436;&#x438;&#x435; &#x43d;&#x43e;&#x432;&#x43e;&#x441;&#x442;&#x438; &#x448;&#x43e;&#x443; &#x431;&#x438;&#x437;&#x43d;&#x435;&#x441;&#x430; &#x441;&#x435;&#x433;&#x43e;&#x434;&#x43d;&#x44f; &#x43d;&#x430; Viva.ua]error">core.SeleniumTest:</div></td></tr>
<tr class="a">
<td><img src="images/icon_error_sml.gif" alt="" /></td>
<td><a name="core.SeleniumTest.test_Title_ValidationIteration__19_:_exp:_Rai_Uno_-_Rai.it_act:_Rai1_-_Home_Page"></a>test_Title_Validation[Iteration # 19 : exp: Rai Uno - Rai.it; act: Rai1 - Home Page]</td></tr>
<tr class="b">
<td></td>
<td>org.junit.ComparisonFailure:   FAILED expected:&lt;Rai[ Uno - Rai.it]&gt; but was:&lt;Rai[1 - Home Page]&gt;</td></tr>                                                                                                                                                            
<tr class="a">
<td></td>
<td>
<div id="test_Title_Validation[Iteration # 19 : exp: Rai Uno - Rai.it; act: Rai1 - Home Page]error">core.SeleniumTest:</div></td></tr>
<tr class="b">
<td><img src="images/icon_error_sml.gif" alt="" /></td>
<td><a name="core.SeleniumTest.test_Title_ValidationIteration__21_:_exp:_HTC_United_State_act:_HTC_United_States"></a>test_Title_Validation[Iteration # 21 : exp: HTC United State; act: HTC United States]</td></tr>
<tr class="a">
<td></td>
<td>org.junit.ComparisonFailure:   FAILED expected:&lt;HTC United State[]&gt; but was:&lt;HTC United State[s]&gt;</td></tr>                                                                                                                                                            
<tr class="b">
<td></td>
<td>
<div id="test_Title_Validation[Iteration # 21 : exp: HTC United State; act: HTC United States]error">core.SeleniumTest:</div></td></tr>
<tr class="a">
<td><img src="images/icon_error_sml.gif" alt="" /></td>
<td><a name="core.SeleniumTest.test_Title_ValidationIteration__24_:_exp:_IBM_-_United_State_act:_IBM_-_United_States"></a>test_Title_Validation[Iteration # 24 : exp: IBM - United State; act: IBM - United States]</td></tr>
<tr class="b">
<td></td>
<td>org.junit.ComparisonFailure:   FAILED expected:&lt;IBM - United State[]&gt; but was:&lt;IBM - United State[s]&gt;</td></tr>                                                                                                                                                            
<tr class="a">
<td></td>
<td>
<div id="test_Title_Validation[Iteration # 24 : exp: IBM - United State; act: IBM - United States]error">core.SeleniumTest:</div></td></tr></table><br /></div>
      </div>
    </div>
    <div class="clear">
      <hr/>
    </div>
    <div id="footer">
      <div class="xright">
              Copyright &#169;                   2015.
          All Rights Reserved.      
                    
                  </div>
      <div class="clear">
        <hr/>
      </div>
    </div>
  </body>
</html>
